2020-04-09 11:02:31 
Start install: C:\server\www\shopclear\tmp\JoomShopping_black_template_QS_1.0.1.zip IP:127.0.0.1 UID:567
2020-04-09 11:02:31 Copy file: /InstallHelper.php
2020-04-09 11:02:31 Copy file: /components/com_jshopping/addons/addon_joomshopping_black_template/uninstall.php
2020-04-09 11:02:31 Copy file: /images/joomshoppingpdemo.png
2020-04-09 11:02:31 Copy file: /language/de-DE/de-DE.mod_jshopping_bestseller_products.ini
2020-04-09 11:02:31 Copy file: /language/de-DE/de-DE.mod_jshopping_cart_ext.ini
2020-04-09 11:02:31 Copy file: /language/de-DE/de-DE.mod_jshopping_categories.ini
2020-04-09 11:02:31 Copy file: /language/de-DE/de-DE.mod_jshopping_label_products.ini
2020-04-09 11:02:31 Copy file: /language/de-DE/de-DE.mod_jshopping_latest_products.ini
2020-04-09 11:02:31 Copy file: /language/de-DE/de-DE.mod_jshopping_manufacturers.ini
2020-04-09 11:02:31 Copy file: /language/de-DE/de-DE.mod_jshopping_search.ini
2020-04-09 11:02:31 Copy file: /language/de-DE/de-DE.mod_jshopping_top_rating.ini
2020-04-09 11:02:31 Copy file: /language/de-DE/de-DE.mod_jshopping_tophits_products.ini
2020-04-09 11:02:31 Copy file: /language/de-DE/de-DE.mod_jshopping_wishlist.ini
2020-04-09 11:02:31 Copy file: /language/en-GB/en-GB.mod_jshopping_bestseller_products.ini
2020-04-09 11:02:31 Copy file: /language/en-GB/en-GB.mod_jshopping_cart_ext.ini
2020-04-09 11:02:31 Copy file: /language/en-GB/en-GB.mod_jshopping_categories.ini
2020-04-09 11:02:31 Copy file: /language/en-GB/en-GB.mod_jshopping_label_products.ini
2020-04-09 11:02:31 Copy file: /language/en-GB/en-GB.mod_jshopping_latest_products.ini
2020-04-09 11:02:31 Copy file: /language/en-GB/en-GB.mod_jshopping_manufacturers.ini
2020-04-09 11:02:31 Copy file: /language/en-GB/en-GB.mod_jshopping_search.ini
2020-04-09 11:02:31 Copy file: /language/en-GB/en-GB.mod_jshopping_top_rating.ini
2020-04-09 11:02:31 Copy file: /language/en-GB/en-GB.mod_jshopping_tophits_products.ini
2020-04-09 11:02:31 Copy file: /language/en-GB/en-GB.mod_jshopping_wishlist.ini
2020-04-09 11:02:31 Copy file: /language/ru-RU/ru-RU.mod_jshopping_bestseller_products.ini
2020-04-09 11:02:31 Copy file: /language/ru-RU/ru-RU.mod_jshopping_cart_ext.ini
2020-04-09 11:02:31 Copy file: /language/ru-RU/ru-RU.mod_jshopping_categories.ini
2020-04-09 11:02:31 Copy file: /language/ru-RU/ru-RU.mod_jshopping_label_products.ini
2020-04-09 11:02:31 Copy file: /language/ru-RU/ru-RU.mod_jshopping_latest_products.ini
2020-04-09 11:02:31 Copy file: /language/ru-RU/ru-RU.mod_jshopping_manufacturers.ini
2020-04-09 11:02:31 Copy file: /language/ru-RU/ru-RU.mod_jshopping_search.ini
2020-04-09 11:02:31 Copy file: /language/ru-RU/ru-RU.mod_jshopping_top_rating.ini
2020-04-09 11:02:31 Copy file: /language/ru-RU/ru-RU.mod_jshopping_tophits_products.ini
2020-04-09 11:02:31 Copy file: /modules/mod_jshopping_bestseller_products/helper.php
2020-04-09 11:02:31 Copy file: /modules/mod_jshopping_bestseller_products/mod_jshopping_bestseller_products.php
2020-04-09 11:02:31 Copy file: /modules/mod_jshopping_bestseller_products/mod_jshopping_bestseller_products.xml
2020-04-09 11:02:31 Copy file: /modules/mod_jshopping_bestseller_products/element/categories.php
2020-04-09 11:02:31 Copy file: /modules/mod_jshopping_bestseller_products/tmpl/default.php
2020-04-09 11:02:31 Copy file: /modules/mod_jshopping_cart_ext/mod_jshopping_cart_ext.php
2020-04-09 11:02:31 Copy file: /modules/mod_jshopping_cart_ext/mod_jshopping_cart_ext.xml
2020-04-09 11:02:31 Copy file: /modules/mod_jshopping_cart_ext/tmpl/default.php
2020-04-09 11:02:31 Copy file: /modules/mod_jshopping_categories/helper.php
2020-04-09 11:02:31 Copy file: /modules/mod_jshopping_categories/mod_jshopping_categories.php
2020-04-09 11:02:31 Copy file: /modules/mod_jshopping_categories/mod_jshopping_categories.xml
2020-04-09 11:02:31 Copy file: /modules/mod_jshopping_categories/tmpl/default.php
2020-04-09 11:02:31 Copy file: /modules/mod_jshopping_currencies/mod_jshopping_currencies.php
2020-04-09 11:02:31 Copy file: /modules/mod_jshopping_currencies/mod_jshopping_currencies.xml
2020-04-09 11:02:31 Copy file: /modules/mod_jshopping_currencies/tmpl/default.php
2020-04-09 11:02:31 Copy file: /modules/mod_jshopping_label_products/helper.php
2020-04-09 11:02:31 Copy file: /modules/mod_jshopping_label_products/mod_jshopping_label_products.php
2020-04-09 11:02:31 Copy file: /modules/mod_jshopping_label_products/mod_jshopping_label_products.xml
2020-04-09 11:02:31 Copy file: /modules/mod_jshopping_label_products/element/labels.php
2020-04-09 11:02:31 Copy file: /modules/mod_jshopping_label_products/tmpl/default.php
2020-04-09 11:02:31 Copy file: /modules/mod_jshopping_latest_products/helper.php
2020-04-09 11:02:31 Copy file: /modules/mod_jshopping_latest_products/mod_jshopping_latest_products.php
2020-04-09 11:02:31 Copy file: /modules/mod_jshopping_latest_products/mod_jshopping_latest_products.xml
2020-04-09 11:02:31 Copy file: /modules/mod_jshopping_latest_products/element/categories.php
2020-04-09 11:02:31 Copy file: /modules/mod_jshopping_latest_products/tmpl/default.php
2020-04-09 11:02:31 Copy file: /modules/mod_jshopping_manufacturers/mod_jshopping_manufacturers.php
2020-04-09 11:02:31 Copy file: /modules/mod_jshopping_manufacturers/mod_jshopping_manufacturers.xml
2020-04-09 11:02:31 Copy file: /modules/mod_jshopping_manufacturers/tmpl/default.php
2020-04-09 11:02:31 Copy file: /modules/mod_jshopping_search/helper.php
2020-04-09 11:02:31 Copy file: /modules/mod_jshopping_search/mod_jshopping_search.php
2020-04-09 11:02:31 Copy file: /modules/mod_jshopping_search/mod_jshopping_search.xml
2020-04-09 11:02:31 Copy file: /modules/mod_jshopping_search/element/categories.php
2020-04-09 11:02:31 Copy file: /modules/mod_jshopping_search/tmpl/default.php
2020-04-09 11:02:31 Copy file: /modules/mod_jshopping_top_rating/mod_jshopping_top_rating.php
2020-04-09 11:02:31 Copy file: /modules/mod_jshopping_top_rating/mod_jshopping_top_rating.xml
2020-04-09 11:02:31 Copy file: /modules/mod_jshopping_top_rating/css/default.css
2020-04-09 11:02:31 Copy file: /modules/mod_jshopping_top_rating/tmpl/default.php
2020-04-09 11:02:31 Copy file: /modules/mod_jshopping_tophits_products/helper.php
2020-04-09 11:02:31 Copy file: /modules/mod_jshopping_tophits_products/mod_jshopping_tophits_products.php
2020-04-09 11:02:31 Copy file: /modules/mod_jshopping_tophits_products/mod_jshopping_tophits_products.xml
2020-04-09 11:02:31 Copy file: /modules/mod_jshopping_tophits_products/css/default.css
2020-04-09 11:02:31 Copy file: /modules/mod_jshopping_tophits_products/element/categories.php
2020-04-09 11:02:31 Copy file: /modules/mod_jshopping_tophits_products/tmpl/default.php
2020-04-09 11:02:31 Copy file: /modules/mod_jshopping_wishlist/mod_jshopping_wishlist.php
2020-04-09 11:02:31 Copy file: /modules/mod_jshopping_wishlist/mod_jshopping_wishlist.xml
2020-04-09 11:02:31 Copy file: /modules/mod_jshopping_wishlist/tmpl/default.php
2020-04-09 11:02:31 Copy file: /modules/mod_recent_comments/mod_recent_comments.php
2020-04-09 11:02:31 Copy file: /modules/mod_recent_comments/mod_recent_comments.xml
2020-04-09 11:02:31 Copy file: /templates/joomshopping_black_template/component.php
2020-04-09 11:02:31 Copy file: /templates/joomshopping_black_template/error.php
2020-04-09 11:02:31 Copy file: /templates/joomshopping_black_template/helper.php
2020-04-09 11:02:31 Copy file: /templates/joomshopping_black_template/index.php
2020-04-09 11:02:31 Copy file: /templates/joomshopping_black_template/offline.php
2020-04-09 11:02:31 Copy file: /templates/joomshopping_black_template/templateDetails.xml
2020-04-09 11:02:31 Copy file: /templates/joomshopping_black_template/template_preview.png
2020-04-09 11:02:31 Copy file: /templates/joomshopping_black_template/template_thumbnail.png
2020-04-09 11:02:31 Copy file: /templates/joomshopping_black_template/css/bootstrap.min.css
2020-04-09 11:02:31 Copy file: /templates/joomshopping_black_template/css/calendar.png
2020-04-09 11:02:31 Copy file: /templates/joomshopping_black_template/css/joomla.css
2020-04-09 11:02:31 Copy file: /templates/joomshopping_black_template/css/offline.css
2020-04-09 11:02:31 Copy file: /templates/joomshopping_black_template/css/template.css
2020-04-09 11:02:31 Copy file: /templates/joomshopping_black_template/css/user.css
2020-04-09 11:02:31 Copy file: /templates/joomshopping_black_template/css/warning.css
2020-04-09 11:02:31 Copy file: /templates/joomshopping_black_template/fonts/Montserrat-Black.ttf
2020-04-09 11:02:31 Copy file: /templates/joomshopping_black_template/fonts/Montserrat-BlackItalic.ttf
2020-04-09 11:02:31 Copy file: /templates/joomshopping_black_template/fonts/Montserrat-Bold.ttf
2020-04-09 11:02:31 Copy file: /templates/joomshopping_black_template/fonts/Montserrat-BoldItalic.ttf
2020-04-09 11:02:31 Copy file: /templates/joomshopping_black_template/fonts/Montserrat-ExtraBold.ttf
2020-04-09 11:02:31 Copy file: /templates/joomshopping_black_template/fonts/Montserrat-ExtraBoldItalic.ttf
2020-04-09 11:02:31 Copy file: /templates/joomshopping_black_template/fonts/Montserrat-ExtraLight.ttf
2020-04-09 11:02:31 Copy file: /templates/joomshopping_black_template/fonts/Montserrat-ExtraLightItalic.ttf
2020-04-09 11:02:31 Copy file: /templates/joomshopping_black_template/fonts/Montserrat-Italic.ttf
2020-04-09 11:02:31 Copy file: /templates/joomshopping_black_template/fonts/Montserrat-Light.ttf
2020-04-09 11:02:31 Copy file: /templates/joomshopping_black_template/fonts/Montserrat-LightItalic.ttf
2020-04-09 11:02:31 Copy file: /templates/joomshopping_black_template/fonts/Montserrat-Medium.ttf
2020-04-09 11:02:31 Copy file: /templates/joomshopping_black_template/fonts/Montserrat-MediumItalic.ttf
2020-04-09 11:02:31 Copy file: /templates/joomshopping_black_template/fonts/Montserrat-Regular.ttf
2020-04-09 11:02:31 Copy file: /templates/joomshopping_black_template/fonts/Montserrat-SemiBold.ttf
2020-04-09 11:02:31 Copy file: /templates/joomshopping_black_template/fonts/Montserrat-SemiBoldItalic.ttf
2020-04-09 11:02:31 Copy file: /templates/joomshopping_black_template/fonts/Montserrat-Thin.ttf
2020-04-09 11:02:31 Copy file: /templates/joomshopping_black_template/fonts/Montserrat-ThinItalic.ttf
2020-04-09 11:02:31 Copy file: /templates/joomshopping_black_template/fonts/OFL.txt
2020-04-09 11:02:31 Copy file: /templates/joomshopping_black_template/html/modules.php
2020-04-09 11:02:31 Copy file: /templates/joomshopping_black_template/html/layouts/joomla/system/message.php
2020-04-09 11:02:31 Copy file: /templates/joomshopping_black_template/html/mod_jshopping_currencies/default.php
2020-04-09 11:02:31 Copy file: /templates/joomshopping_black_template/images/page-home/wopshopdemo.png
2020-04-09 11:02:31 Copy file: /templates/joomshopping_black_template/images/system/index.html
2020-04-09 11:02:31 Copy file: /templates/joomshopping_black_template/js/template.js
2020-04-09 11:02:31 Copy file: /templates/joomshopping_black_template/language/en-GB/en-GB.tpl_foo.ini
2020-04-09 11:02:31 Copy file: /templates/joomshopping_black_template/language/en-GB/en-GB.tpl_foo.sys.ini
2020-04-09 11:02:31 Copy file: /templates/joomshopping_black_template/less/icomoon.less
2020-04-09 11:02:31 Copy file: /templates/joomshopping_black_template/less/template.less
2020-04-09 11:02:31 Copy file: /templates/joomshopping_black_template/less/template_rtl.less
2020-04-09 11:02:31 Copy file: /templates/joomshopping_black_template/less/variables.less
2020-04-09 11:03:02 
Start install: C:\server\www\shopclear\tmp\addon_jshopping_menu_builder_auto_2.1.8.zip IP:127.0.0.1 UID:567
2020-04-09 11:03:02 Copy file: /administrator/components/com_jshopping/controllers/addon_menu_builder.php
2020-04-09 11:03:02 Copy file: /administrator/components/com_jshopping/lang/addon_jshopping_menu_builder/de-DE.php
2020-04-09 11:03:02 Copy file: /administrator/components/com_jshopping/lang/addon_jshopping_menu_builder/en-GB.php
2020-04-09 11:03:02 Copy file: /administrator/components/com_jshopping/lang/addon_jshopping_menu_builder/ru-RU.php
2020-04-09 11:03:02 Copy file: /administrator/components/com_jshopping/models/addon_menu_builder.php
2020-04-09 11:03:02 Copy file: /administrator/components/com_jshopping/views/addon_menu_builder_edit/view.html.php
2020-04-09 11:03:02 Copy file: /administrator/components/com_jshopping/views/addon_menu_builder_edit/tmpl/edit.php
2020-04-09 11:03:02 Copy file: /administrator/components/com_jshopping/views/addon_menu_builder_edit/tmpl/index.html
2020-04-09 11:03:02 Copy file: /administrator/components/com_jshopping/views/addon_menu_builder_list/view.html.php
2020-04-09 11:03:02 Copy file: /administrator/components/com_jshopping/views/addon_menu_builder_list/tmpl/index.html
2020-04-09 11:03:02 Copy file: /administrator/components/com_jshopping/views/addon_menu_builder_list/tmpl/list.php
2020-04-09 11:03:02 Copy file: /administrator/language/de-DE/de-DE.com_jshopping_addon_menu_builder.ini
2020-04-09 11:03:02 Copy file: /administrator/language/en-GB/en-GB.com_jshopping_addon_menu_builder.ini
2020-04-09 11:03:02 Copy file: /administrator/language/ru-RU/ru-RU.com_jshopping_addon_menu_builder.ini
2020-04-09 11:03:02 Copy file: /components/com_jshopping/addons/jshopping_menu_builder/index.html
2020-04-09 11:03:02 Copy file: /components/com_jshopping/addons/jshopping_menu_builder/uninstall.php
2020-04-09 11:03:02 Copy file: /plugins/jshoppingmenu/jshopping_menu_builder/jshopping_menu_builder.php
2020-04-09 11:03:02 Copy file: /plugins/jshoppingmenu/jshopping_menu_builder/jshopping_menu_builder.xml
2020-04-09 11:03:20 
Start install: C:\server\www\shopclear\tmp\addon_check_db_1.0.11.zip IP:127.0.0.1 UID:567
2020-04-09 11:03:20 Copy file: /administrator/components/com_jshopping/controllers/check_db.php
2020-04-09 11:03:20 Copy file: /administrator/components/com_jshopping/css/check-db.css
2020-04-09 11:03:20 Copy file: /administrator/components/com_jshopping/lang/check_db/de-DE.php
2020-04-09 11:03:20 Copy file: /administrator/components/com_jshopping/lang/check_db/en-GB.php
2020-04-09 11:03:20 Copy file: /administrator/components/com_jshopping/lang/check_db/ru-RU.php
2020-04-09 11:03:20 Copy file: /administrator/components/com_jshopping/models/check_db.php
2020-04-09 11:03:20 Copy file: /administrator/components/com_jshopping/views/check_db/view.html.php
2020-04-09 11:03:20 Copy file: /administrator/components/com_jshopping/views/check_db/tmpl/default.php
2020-04-09 11:03:20 Copy file: /components/com_jshopping/addons/check_db/uninstall.php
2020-04-09 11:03:20 Copy file: /components/com_jshopping/files/check_db/v_3/joomshoping.xml
2020-04-09 11:03:20 Copy file: /components/com_jshopping/files/check_db/v_4/joomshoping.xml
2020-04-09 11:03:20 Copy file: /plugins/jshoppingmenu/check_db/check_db.php
2020-04-09 11:03:20 Copy file: /plugins/jshoppingmenu/check_db/check_db.xml
2020-04-09 11:03:38 
Start install: C:\server\www\shopclear\tmp\addon_invoice_number_1.1.0.zip IP:127.0.0.1 UID:567
2020-04-09 11:03:38 Copy file: /components/com_jshopping/addons/add_finished_order_number/config.tmpl.php
2020-04-09 11:03:38 Copy file: /components/com_jshopping/addons/add_finished_order_number/uninstall.php
2020-04-09 11:03:38 Copy file: /components/com_jshopping/lang/addon_finished_order_number/de-DE.php
2020-04-09 11:03:38 Copy file: /components/com_jshopping/lang/addon_finished_order_number/en-GB.php
2020-04-09 11:03:38 Copy file: /components/com_jshopping/lang/addon_finished_order_number/ru-RU.php
2020-04-09 11:03:38 Copy file: /plugins/jshoppingadmin/add_finished_order_number/add_finished_order_number.php
2020-04-09 11:03:38 Copy file: /plugins/jshoppingadmin/add_finished_order_number/add_finished_order_number.xml
2020-04-09 11:03:38 Copy file: /plugins/jshoppingorder/finished_order_number/finished_order_number.php
2020-04-09 11:03:38 Copy file: /plugins/jshoppingorder/finished_order_number/finished_order_number.xml
2020-04-09 11:03:54 
Start install: C:\server\www\shopclear\tmp\jshop_responsive_template_1.0.9.zip IP:127.0.0.1 UID:567
2020-04-09 11:03:54 Copy file: /components/com_jshopping/css/responsive.css
2020-04-09 11:03:54 Copy file: /components/com_jshopping/templates/responsive/cart/cart.php
2020-04-09 11:03:54 Copy file: /components/com_jshopping/templates/responsive/cart/checkout.php
2020-04-09 11:03:54 Copy file: /components/com_jshopping/templates/responsive/cart/wishlist.php
2020-04-09 11:03:54 Copy file: /components/com_jshopping/templates/responsive/category/category_default.php
2020-04-09 11:03:54 Copy file: /components/com_jshopping/templates/responsive/category/maincategory.php
2020-04-09 11:03:54 Copy file: /components/com_jshopping/templates/responsive/category/products.php
2020-04-09 11:03:54 Copy file: /components/com_jshopping/templates/responsive/checkout/adress.js.php
2020-04-09 11:03:54 Copy file: /components/com_jshopping/templates/responsive/checkout/adress.php
2020-04-09 11:03:54 Copy file: /components/com_jshopping/templates/responsive/checkout/finish.php
2020-04-09 11:03:54 Copy file: /components/com_jshopping/templates/responsive/checkout/menu.php
2020-04-09 11:03:54 Copy file: /components/com_jshopping/templates/responsive/checkout/orderemail.php
2020-04-09 11:03:54 Copy file: /components/com_jshopping/templates/responsive/checkout/payments.php
2020-04-09 11:03:54 Copy file: /components/com_jshopping/templates/responsive/checkout/previewfinish.php
2020-04-09 11:03:54 Copy file: /components/com_jshopping/templates/responsive/checkout/shippings.php
2020-04-09 11:03:54 Copy file: /components/com_jshopping/templates/responsive/content/content.php
2020-04-09 11:03:54 Copy file: /components/com_jshopping/templates/responsive/list_products/block_pagination.php
2020-04-09 11:03:54 Copy file: /components/com_jshopping/templates/responsive/list_products/form_filters.php
2020-04-09 11:03:54 Copy file: /components/com_jshopping/templates/responsive/list_products/list_products.php
2020-04-09 11:03:54 Copy file: /components/com_jshopping/templates/responsive/list_products/no_products.php
2020-04-09 11:03:54 Copy file: /components/com_jshopping/templates/responsive/list_products/product.php
2020-04-09 11:03:54 Copy file: /components/com_jshopping/templates/responsive/manufacturer/manufacturers.php
2020-04-09 11:03:54 Copy file: /components/com_jshopping/templates/responsive/manufacturer/products.php
2020-04-09 11:03:54 Copy file: /components/com_jshopping/templates/responsive/order/listorder.php
2020-04-09 11:03:54 Copy file: /components/com_jshopping/templates/responsive/order/order.php
2020-04-09 11:03:54 Copy file: /components/com_jshopping/templates/responsive/order/statusorder.php
2020-04-09 11:03:54 Copy file: /components/com_jshopping/templates/responsive/product/block_image_middle.php
2020-04-09 11:03:54 Copy file: /components/com_jshopping/templates/responsive/product/block_image_thumb.php
2020-04-09 11:03:54 Copy file: /components/com_jshopping/templates/responsive/product/commentemail.php
2020-04-09 11:03:54 Copy file: /components/com_jshopping/templates/responsive/product/demofiles.php
2020-04-09 11:03:54 Copy file: /components/com_jshopping/templates/responsive/product/load.js.php
2020-04-09 11:03:54 Copy file: /components/com_jshopping/templates/responsive/product/playmedia.php
2020-04-09 11:03:54 Copy file: /components/com_jshopping/templates/responsive/product/product_default.php
2020-04-09 11:03:54 Copy file: /components/com_jshopping/templates/responsive/product/ratingandhits.php
2020-04-09 11:03:54 Copy file: /components/com_jshopping/templates/responsive/product/related.php
2020-04-09 11:03:54 Copy file: /components/com_jshopping/templates/responsive/product/review.php
2020-04-09 11:03:54 Copy file: /components/com_jshopping/templates/responsive/products/products.php
2020-04-09 11:03:54 Copy file: /components/com_jshopping/templates/responsive/search/characteristics.php
2020-04-09 11:03:54 Copy file: /components/com_jshopping/templates/responsive/search/form.php
2020-04-09 11:03:54 Copy file: /components/com_jshopping/templates/responsive/search/noresult.php
2020-04-09 11:03:54 Copy file: /components/com_jshopping/templates/responsive/search/products.php
2020-04-09 11:03:54 Copy file: /components/com_jshopping/templates/responsive/user/editaccount.js.php
2020-04-09 11:03:54 Copy file: /components/com_jshopping/templates/responsive/user/editaccount.php
2020-04-09 11:03:54 Copy file: /components/com_jshopping/templates/responsive/user/groupsinfo.php
2020-04-09 11:03:54 Copy file: /components/com_jshopping/templates/responsive/user/login.php
2020-04-09 11:03:54 Copy file: /components/com_jshopping/templates/responsive/user/logout.php
2020-04-09 11:03:54 Copy file: /components/com_jshopping/templates/responsive/user/myaccount.php
2020-04-09 11:03:54 Copy file: /components/com_jshopping/templates/responsive/user/register.js.php
2020-04-09 11:03:54 Copy file: /components/com_jshopping/templates/responsive/user/register.php
2020-04-09 11:03:54 Copy file: /components/com_jshopping/templates/responsive/vendor/info.php
2020-04-09 11:03:54 Copy file: /components/com_jshopping/templates/responsive/vendor/products.php
2020-04-09 11:03:54 Copy file: /components/com_jshopping/templates/responsive/vendor/vendors.php
2020-04-09 11:04:22 
Start install: C:\server\www\shopclear\tmp\joomshopping_quick_icon_1.0.0.zip IP:127.0.0.1 UID:567
2020-04-09 11:04:22 Copy file: /jshop.php
2020-04-09 11:04:22 INSTALL_THROUGH_JOOMLA
2020-04-09 11:04:53 
Start install: C:\server\www\shopclear\tmp\addon_lang_editor_fulltext_1.0.4.zip IP:127.0.0.1 UID:567
2020-04-09 11:04:53 Copy file: /administrator/components/com_jshopping/controllers/langpackedit.php
2020-04-09 11:04:53 Copy file: /administrator/components/com_jshopping/models/langpack.php
2020-04-09 11:04:53 Copy file: /administrator/components/com_jshopping/views/langpackedit/view.html.php
2020-04-09 11:04:53 Copy file: /administrator/components/com_jshopping/views/langpackedit/tmpl/default.php
2020-04-09 11:04:53 Copy file: /components/com_jshopping/addons/addon_lang_translator/index.html
2020-04-09 11:04:53 Copy file: /components/com_jshopping/addons/addon_lang_translator/uninstall.php
2020-04-09 11:04:53 Copy file: /components/com_jshopping/lang/addon_lang_translator/de-DE.php
2020-04-09 11:04:53 Copy file: /components/com_jshopping/lang/addon_lang_translator/en-GB.php
2020-04-09 11:04:53 Copy file: /components/com_jshopping/lang/addon_lang_translator/ru-RU.php
2020-04-09 11:04:53 Copy file: /plugins/jshoppingmenu/addon_lang_translator/addon_lang_translator.php
2020-04-09 11:04:53 Copy file: /plugins/jshoppingmenu/addon_lang_translator/addon_lang_translator.xml
2020-04-09 11:05:20 
Start install: C:\server\www\shopclear\tmp\addon_jshopping_product_seo_1.0.4.zip IP:127.0.0.1 UID:567
2020-04-09 11:05:20 Copy file: /components/com_jshopping/addons/jshopping_product_seo/index.html
2020-04-09 11:05:20 Copy file: /components/com_jshopping/addons/jshopping_product_seo/uninstall.php
2020-04-09 11:05:20 Copy file: /components/com_jshopping/lang/addon_jshopping_product_seo/de-DE.php
2020-04-09 11:05:20 Copy file: /components/com_jshopping/lang/addon_jshopping_product_seo/en-GB.php
2020-04-09 11:05:20 Copy file: /components/com_jshopping/lang/addon_jshopping_product_seo/ru-RU.php
2020-04-09 11:05:20 Copy file: /plugins/jshoppingadmin/jshopping_product_seo/jshopping_product_seo.php
2020-04-09 11:05:20 Copy file: /plugins/jshoppingadmin/jshopping_product_seo/jshopping_product_seo.xml
2020-04-09 11:05:20 Copy file: /plugins/jshoppingrouter/jshopping_product_seo/jshopping_product_seo.php
2020-04-09 11:05:20 Copy file: /plugins/jshoppingrouter/jshopping_product_seo/jshopping_product_seo.xml
2020-04-09 11:06:05 
Start install: C:\server\www\shopclear\tmp\plg_jshopping_checkout_back_button_1.0.3.zip IP:127.0.0.1 UID:567
2020-04-09 11:06:05 Copy file: /jshopping_checkout_back_button.php
2020-04-09 11:06:05 INSTALL_THROUGH_JOOMLA
2020-04-09 11:06:34 
Start install: C:\server\www\shopclear\tmp\addon_jshopping_plus_minus_count_product_1.7_for_3.7.zip IP:127.0.0.1 UID:567
2020-04-09 11:06:34 Copy file: /components/com_jshopping/addons/jshopping_plus_minus_count_product/license.txt
2020-04-09 11:06:34 Copy file: /components/com_jshopping/addons/jshopping_plus_minus_count_product/uninstall.php
2020-04-09 11:06:34 Copy file: /plugins/jshoppingcheckout/plus_minus_count_product/plus_minus_count_product.php
2020-04-09 11:06:34 Copy file: /plugins/jshoppingcheckout/plus_minus_count_product/plus_minus_count_product.xml
2020-04-09 11:06:34 Copy file: /plugins/jshoppingproducts/plus_minus_count_product/plus_minus_count_product.php
2020-04-09 11:06:34 Copy file: /plugins/jshoppingproducts/plus_minus_count_product/plus_minus_count_product.xml
2020-04-09 11:07:00 
Start install: C:\server\www\shopclear\tmp\plg_jlsitemap_jshopping.zip IP:127.0.0.1 UID:567
2020-04-09 11:07:00 Copy file: /jshopping.php
2020-04-09 11:07:00 INSTALL_THROUGH_JOOMLA
2020-04-09 11:07:06 
Start install: C:\server\www\shopclear\tmp\plg_jshoppingadmin_attributes_image.zip IP:127.0.0.1 UID:567
2020-04-09 11:07:06 Copy file: /attributes_image.php
2020-04-09 11:07:06 INSTALL_THROUGH_JOOMLA
2020-04-09 14:33:53 
Start install: C:\server\www\shopclear\tmp\JoomShopping_template_default_div_3.20.0.zip IP:127.0.0.1 UID:567
2020-04-09 14:33:53 Copy file: /components/com_jshopping/css/default_div.css
2020-04-09 14:33:53 Copy file: /components/com_jshopping/templates/default_div/cart/cart.php
2020-04-09 14:33:53 Copy file: /components/com_jshopping/templates/default_div/cart/checkout.php
2020-04-09 14:33:53 Copy file: /components/com_jshopping/templates/default_div/cart/wishlist.php
2020-04-09 14:33:53 Copy file: /components/com_jshopping/templates/default_div/category/category_default.php
2020-04-09 14:33:53 Copy file: /components/com_jshopping/templates/default_div/category/maincategory.php
2020-04-09 14:33:53 Copy file: /components/com_jshopping/templates/default_div/category/products.php
2020-04-09 14:33:53 Copy file: /components/com_jshopping/templates/default_div/checkout/adress.js.php
2020-04-09 14:33:53 Copy file: /components/com_jshopping/templates/default_div/checkout/adress.php
2020-04-09 14:33:53 Copy file: /components/com_jshopping/templates/default_div/checkout/finish.php
2020-04-09 14:33:53 Copy file: /components/com_jshopping/templates/default_div/checkout/menu.php
2020-04-09 14:33:53 Copy file: /components/com_jshopping/templates/default_div/checkout/orderemail.php
2020-04-09 14:33:53 Copy file: /components/com_jshopping/templates/default_div/checkout/payments.php
2020-04-09 14:33:53 Copy file: /components/com_jshopping/templates/default_div/checkout/previewfinish.php
2020-04-09 14:33:53 Copy file: /components/com_jshopping/templates/default_div/checkout/shippings.php
2020-04-09 14:33:53 Copy file: /components/com_jshopping/templates/default_div/content/content.php
2020-04-09 14:33:53 Copy file: /components/com_jshopping/templates/default_div/list_products/block_pagination.php
2020-04-09 14:33:53 Copy file: /components/com_jshopping/templates/default_div/list_products/form_filters.php
2020-04-09 14:33:53 Copy file: /components/com_jshopping/templates/default_div/list_products/list_products.php
2020-04-09 14:33:53 Copy file: /components/com_jshopping/templates/default_div/list_products/no_products.php
2020-04-09 14:33:53 Copy file: /components/com_jshopping/templates/default_div/list_products/product.php
2020-04-09 14:33:53 Copy file: /components/com_jshopping/templates/default_div/manufacturer/manufacturers.php
2020-04-09 14:33:53 Copy file: /components/com_jshopping/templates/default_div/manufacturer/products.php
2020-04-09 14:33:53 Copy file: /components/com_jshopping/templates/default_div/order/listorder.php
2020-04-09 14:33:53 Copy file: /components/com_jshopping/templates/default_div/order/order.php
2020-04-09 14:33:53 Copy file: /components/com_jshopping/templates/default_div/order/statusorder.php
2020-04-09 14:33:53 Copy file: /components/com_jshopping/templates/default_div/product/block_image_middle.php
2020-04-09 14:33:53 Copy file: /components/com_jshopping/templates/default_div/product/block_image_thumb.php
2020-04-09 14:33:53 Copy file: /components/com_jshopping/templates/default_div/product/commentemail.php
2020-04-09 14:33:53 Copy file: /components/com_jshopping/templates/default_div/product/demofiles.php
2020-04-09 14:33:53 Copy file: /components/com_jshopping/templates/default_div/product/load.js.php
2020-04-09 14:33:53 Copy file: /components/com_jshopping/templates/default_div/product/playmedia.php
2020-04-09 14:33:53 Copy file: /components/com_jshopping/templates/default_div/product/product_default.php
2020-04-09 14:33:53 Copy file: /components/com_jshopping/templates/default_div/product/ratingandhits.php
2020-04-09 14:33:53 Copy file: /components/com_jshopping/templates/default_div/product/related.php
2020-04-09 14:33:53 Copy file: /components/com_jshopping/templates/default_div/product/review.php
2020-04-09 14:33:53 Copy file: /components/com_jshopping/templates/default_div/products/products.php
2020-04-09 14:33:53 Copy file: /components/com_jshopping/templates/default_div/search/characteristics.php
2020-04-09 14:33:53 Copy file: /components/com_jshopping/templates/default_div/search/form.php
2020-04-09 14:33:53 Copy file: /components/com_jshopping/templates/default_div/search/noresult.php
2020-04-09 14:33:53 Copy file: /components/com_jshopping/templates/default_div/search/products.php
2020-04-09 14:33:53 Copy file: /components/com_jshopping/templates/default_div/user/editaccount.js.php
2020-04-09 14:33:53 Copy file: /components/com_jshopping/templates/default_div/user/editaccount.php
2020-04-09 14:33:53 Copy file: /components/com_jshopping/templates/default_div/user/groupsinfo.php
2020-04-09 14:33:53 Copy file: /components/com_jshopping/templates/default_div/user/login.php
2020-04-09 14:33:53 Copy file: /components/com_jshopping/templates/default_div/user/logout.php
2020-04-09 14:33:53 Copy file: /components/com_jshopping/templates/default_div/user/myaccount.php
2020-04-09 14:33:53 Copy file: /components/com_jshopping/templates/default_div/user/register.js.php
2020-04-09 14:33:53 Copy file: /components/com_jshopping/templates/default_div/user/register.php
2020-04-09 14:33:53 Copy file: /components/com_jshopping/templates/default_div/vendor/info.php
2020-04-09 14:33:53 Copy file: /components/com_jshopping/templates/default_div/vendor/products.php
2020-04-09 14:33:53 Copy file: /components/com_jshopping/templates/default_div/vendor/vendors.php
2020-04-09 16:43:06 
Start install: C:\server\www\shopclear\tmp\JomShopping_addon_resize_product_picture_v2.3.zip IP:127.0.0.1 UID:567
2020-04-09 16:43:06 Copy file: /administrator/components/com_jshopping/controllers/resize.php
2020-04-09 16:43:06 Copy file: /administrator/components/com_jshopping/images/refresh.png
2020-04-09 16:43:06 Copy file: /administrator/components/com_jshopping/lang/resize/de-DE.php
2020-04-09 16:43:06 Copy file: /administrator/components/com_jshopping/lang/resize/en-GB.php
2020-04-09 16:43:06 Copy file: /administrator/components/com_jshopping/lang/resize/ru-RU.php
2020-04-09 16:43:06 Copy file: /administrator/components/com_jshopping/views/resize/view.html.php
2020-04-09 16:43:06 Copy file: /administrator/components/com_jshopping/views/resize/tmpl/default.php
2020-04-09 16:43:06 Copy file: /components/com_jshopping/lang/resize/de-DE.php
2020-04-09 16:43:06 Copy file: /components/com_jshopping/lang/resize/en-GB.php
2020-04-09 16:43:06 Copy file: /components/com_jshopping/lang/resize/ru-RU.php
2020-04-10 13:02:08 
Start install: C:\server\www\shopclear\tmp\addon_api_1.0.4.zip IP:127.0.0.1 UID:567
2020-04-10 13:02:08 Copy file: /administrator/components/com_jshopping/controllers/addon_api_about.php
2020-04-10 13:02:08 Copy file: /administrator/components/com_jshopping/controllers/addon_api_baseadmin.php
2020-04-10 13:02:08 Copy file: /administrator/components/com_jshopping/controllers/addon_api_config.php
2020-04-10 13:02:08 Copy file: /administrator/components/com_jshopping/controllers/addon_api_connections.php
2020-04-10 13:02:08 Copy file: /administrator/components/com_jshopping/controllers/addon_api_users.php
2020-04-10 13:02:08 Copy file: /administrator/components/com_jshopping/images/addon_api/logo.png
2020-04-10 13:02:08 Copy file: /administrator/components/com_jshopping/models/addon_api_baseadmin.php
2020-04-10 13:02:08 Copy file: /administrator/components/com_jshopping/models/addon_api_config.php
2020-04-10 13:02:08 Copy file: /administrator/components/com_jshopping/models/addon_api_connections.php
2020-04-10 13:02:08 Copy file: /administrator/components/com_jshopping/models/addon_api_users.php
2020-04-10 13:02:08 Copy file: /administrator/components/com_jshopping/views/addon_api/view.html.php
2020-04-10 13:02:08 Copy file: /administrator/components/com_jshopping/views/addon_api/tmpl/about.php
2020-04-10 13:02:09 Copy file: /administrator/components/com_jshopping/views/addon_api/tmpl/config.php
2020-04-10 13:02:09 Copy file: /administrator/components/com_jshopping/views/addon_api/tmpl/connection.php
2020-04-10 13:02:09 Copy file: /administrator/components/com_jshopping/views/addon_api/tmpl/connections.php
2020-04-10 13:02:09 Copy file: /administrator/components/com_jshopping/views/addon_api/tmpl/log.php
2020-04-10 13:02:09 Copy file: /administrator/components/com_jshopping/views/addon_api/tmpl/menu.php
2020-04-10 13:02:09 Copy file: /administrator/components/com_jshopping/views/addon_api/tmpl/user.php
2020-04-10 13:02:09 Copy file: /administrator/components/com_jshopping/views/addon_api/tmpl/users.php
2020-04-10 13:02:09 Copy file: /components/com_jshopping/addons/addon_api/.htaccess
2020-04-10 13:02:09 Copy file: /components/com_jshopping/addons/addon_api/addon_api.php
2020-04-10 13:02:09 Copy file: /components/com_jshopping/addons/addon_api/addon_api.txt
2020-04-10 13:02:09 Copy file: /components/com_jshopping/addons/addon_api/params.ini
2020-04-10 13:02:09 Copy file: /components/com_jshopping/addons/addon_api/sections_and_tasks.php
2020-04-10 13:02:09 Copy file: /components/com_jshopping/addons/addon_api/uninstall.php
2020-04-10 13:02:09 Copy file: /components/com_jshopping/addons/addon_api/version_history.php
2020-04-10 13:02:09 Copy file: /components/com_jshopping/controllers/addon_api.php
2020-04-10 13:02:09 Copy file: /components/com_jshopping/controllers/addon_api_checkout.php
2020-04-10 13:02:09 Copy file: /components/com_jshopping/controllers/addon_api_subcontroller.php
2020-04-10 13:02:09 Copy file: /components/com_jshopping/controllers/addon_api/addon.php
2020-04-10 13:02:09 Copy file: /components/com_jshopping/controllers/addon_api/api.php
2020-04-10 13:02:09 Copy file: /components/com_jshopping/controllers/addon_api/cart.php
2020-04-10 13:02:09 Copy file: /components/com_jshopping/controllers/addon_api/category.php
2020-04-10 13:02:09 Copy file: /components/com_jshopping/controllers/addon_api/checkout.php
2020-04-10 13:02:09 Copy file: /components/com_jshopping/controllers/addon_api/connection.php
2020-04-10 13:02:09 Copy file: /components/com_jshopping/controllers/addon_api/content.php
2020-04-10 13:02:09 Copy file: /components/com_jshopping/controllers/addon_api/order.php
2020-04-10 13:02:09 Copy file: /components/com_jshopping/controllers/addon_api/product.php
2020-04-10 13:02:09 Copy file: /components/com_jshopping/controllers/addon_api/shop.php
2020-04-10 13:02:09 Copy file: /components/com_jshopping/controllers/addon_api/user.php
2020-04-10 13:02:09 Copy file: /components/com_jshopping/controllers/addon_api/wishlist.php
2020-04-10 13:02:09 Copy file: /components/com_jshopping/css/addons/addon_api/addon.css
2020-04-10 13:02:09 Copy file: /components/com_jshopping/css/addons/addon_api/documentation.css
2020-04-10 13:02:09 Copy file: /components/com_jshopping/entities/addon_api/connection.php
2020-04-10 13:02:09 Copy file: /components/com_jshopping/entities/addon_api/user.php
2020-04-10 13:02:09 Copy file: /components/com_jshopping/files/addon_api/addon_api_documentation.htm
2020-04-10 13:02:09 Copy file: /components/com_jshopping/js/addons/addon_api/documentation.js
2020-04-10 13:02:09 Copy file: /components/com_jshopping/lang/addon_api/de-DE.php
2020-04-10 13:02:09 Copy file: /components/com_jshopping/lang/addon_api/en-GB.php
2020-04-10 13:02:09 Copy file: /components/com_jshopping/lang/addon_api/ru-RU.php
2020-04-10 13:02:09 Copy file: /components/com_jshopping/lib/addon_api/addon_corext.php
2020-04-10 13:02:09 Copy file: /components/com_jshopping/lib/addon_api/autoload.php
2020-04-10 13:02:09 Copy file: /components/com_jshopping/lib/addon_api/entity.php
2020-04-10 13:02:09 Copy file: /components/com_jshopping/lib/addon_api/exception.php
2020-04-10 13:02:09 Copy file: /components/com_jshopping/lib/addon_api/exception_addon.php
2020-04-10 13:02:09 Copy file: /components/com_jshopping/lib/addon_api/exception_cart.php
2020-04-10 13:02:09 Copy file: /components/com_jshopping/lib/addon_api/exception_category.php
2020-04-10 13:02:09 Copy file: /components/com_jshopping/lib/addon_api/exception_checkout.php
2020-04-10 13:02:09 Copy file: /components/com_jshopping/lib/addon_api/exception_connection.php
2020-04-10 13:02:09 Copy file: /components/com_jshopping/lib/addon_api/exception_content.php
2020-04-10 13:02:09 Copy file: /components/com_jshopping/lib/addon_api/exception_order.php
2020-04-10 13:02:09 Copy file: /components/com_jshopping/lib/addon_api/exception_payment.php
2020-04-10 13:02:09 Copy file: /components/com_jshopping/lib/addon_api/exception_product.php
2020-04-10 13:02:09 Copy file: /components/com_jshopping/lib/addon_api/exception_request.php
2020-04-10 13:02:09 Copy file: /components/com_jshopping/lib/addon_api/exception_server.php
2020-04-10 13:02:09 Copy file: /components/com_jshopping/lib/addon_api/exception_success.php
2020-04-10 13:02:09 Copy file: /components/com_jshopping/lib/addon_api/exception_user.php
2020-04-10 13:02:09 Copy file: /components/com_jshopping/lib/addon_api/exception_wishlist.php
2020-04-10 13:02:09 Copy file: /components/com_jshopping/lib/addon_api/observer_payment_method.php
2020-04-10 13:02:09 Copy file: /components/com_jshopping/lib/addon_api/proto.php
2020-04-10 13:02:09 Copy file: /components/com_jshopping/lib/addon_api/singleton.php
2020-04-10 13:02:09 Copy file: /components/com_jshopping/models/addon_api.php
2020-04-10 13:02:09 Copy file: /components/com_jshopping/models/addon_api_adapter.php
2020-04-10 13:02:09 Copy file: /components/com_jshopping/models/addon_api_addon.php
2020-04-10 13:02:09 Copy file: /components/com_jshopping/models/addon_api_cart.php
2020-04-10 13:02:09 Copy file: /components/com_jshopping/models/addon_api_category.php
2020-04-10 13:02:09 Copy file: /components/com_jshopping/models/addon_api_checkout.php
2020-04-10 13:02:09 Copy file: /components/com_jshopping/models/addon_api_connection.php
2020-04-10 13:02:09 Copy file: /components/com_jshopping/models/addon_api_content.php
2020-04-10 13:02:09 Copy file: /components/com_jshopping/models/addon_api_datatype.php
2020-04-10 13:02:09 Copy file: /components/com_jshopping/models/addon_api_documentation.php
2020-04-10 13:02:09 Copy file: /components/com_jshopping/models/addon_api_order.php
2020-04-10 13:02:09 Copy file: /components/com_jshopping/models/addon_api_payment.php
2020-04-10 13:02:09 Copy file: /components/com_jshopping/models/addon_api_product.php
2020-04-10 13:02:09 Copy file: /components/com_jshopping/models/addon_api_productssearch.php
2020-04-10 13:02:09 Copy file: /components/com_jshopping/models/addon_api_reply.php
2020-04-10 13:02:09 Copy file: /components/com_jshopping/models/addon_api_shop.php
2020-04-10 13:02:09 Copy file: /components/com_jshopping/models/addon_api_user.php
2020-04-10 13:02:09 Copy file: /components/com_jshopping/models/addon_api_user_api.php
2020-04-10 13:02:09 Copy file: /components/com_jshopping/models/addon_api_wishlist.php
2020-04-10 13:02:09 Copy file: /components/com_jshopping/payments/addon_api/pm_paypal_plus.php
2020-04-10 13:02:09 Copy file: /components/com_jshopping/payments/addon_api/pm_sofortueberweisung.php
2020-04-10 13:02:09 Copy file: /components/com_jshopping/templates/addons/addon_api/payment_form_pm_paypal_plus.php
2020-04-10 13:02:09 Copy file: /components/com_jshopping/templates/addons/addon_api/payment_form_pm_sofortueberweisung.php
2020-04-10 13:02:09 Copy file: /components/com_jshopping/templates/addons/addon_api/documentation/index.php
2020-04-10 13:02:09 Copy file: /components/com_jshopping/templates/addons/addon_api/documentation/report.php
2020-04-10 13:02:09 Copy file: /components/com_jshopping/templates/addons/addon_api/documentation/report_group.php
2020-04-10 13:02:09 Copy file: /components/com_jshopping/templates/addons/addon_api/documentation/section.php
2020-04-10 13:02:09 Copy file: /components/com_jshopping/templates/addons/addon_api/documentation/section_menu_item.php
2020-04-10 13:02:09 Copy file: /components/com_jshopping/templates/addons/addon_api/documentation/task.php
2020-04-10 13:02:09 Copy file: /components/com_jshopping/templates/addons/addon_api/documentation/task_param.php
2020-04-10 13:02:09 Copy file: /components/com_jshopping/templates/addons/addon_api/documentation/task_param_short.php
2020-04-10 13:02:09 Copy file: /components/com_jshopping/templates/addons/addon_api/documentation/task_params.php
2020-04-10 13:02:09 Copy file: /components/com_jshopping/templates/addons/addon_api/documentation/task_params_short.php
2020-04-10 13:02:09 Copy file: /components/com_jshopping/templates/addons/addon_api/documentation/version.php
2020-04-10 13:02:09 Copy file: /components/com_jshopping/templates/addons/addon_api/documentation/version_change.php
2020-04-10 13:02:09 Copy file: /components/com_jshopping/templates/addons/addon_api/fields/content.php
2020-04-10 13:02:09 Copy file: /plugins/jshoppingadmin/addon_api/addon_api.php
2020-04-10 13:02:09 Copy file: /plugins/jshoppingadmin/addon_api/addon_api.xml
2020-04-10 13:02:09 Copy file: /plugins/jshoppingmenu/addon_api/addon_api.php
2020-04-10 13:02:09 Copy file: /plugins/jshoppingmenu/addon_api/addon_api.xml
2020-04-10 13:02:09 Copy file: /plugins/system/addon_api/addon_api.php
2020-04-10 13:02:09 Copy file: /plugins/system/addon_api/addon_api.xml
